 [LOGGER] 2024-04-01 03:24:31.816 AM error : uncaughtException: тип Unable to compile TypeScript:
[96msrc/controllers/barang.controller.ts[0m:[93m28[0m:[93m11[0m - [91merror[0m[90m TS18046: [0m'error' is of type 'unknown'.

[7m28[0m           error.message
[7m  [0m [91m          ~~~~~[0m

TSError: тип Unable to compile TypeScript:
[96msrc/controllers/barang.controller.ts[0m:[93m28[0m:[93m11[0m - [91merror[0m[90m TS18046: [0m'error' is of type 'unknown'.

[7m28[0m           error.message
[7m  [0m [91m          ~~~~~[0m

    at createTSError (C:\Users\Taupan\Desktop\ts-express\node_modules\ts-node\src\index.ts:859:12)
    at reportTSError (C:\Users\Taupan\Desktop\ts-express\node_modules\ts-node\src\index.ts:863:19)
    at getOutput (C:\Users\Taupan\Desktop\ts-express\node_modules\ts-node\src\index.ts:1077:36)
    at Object.compile (C:\Users\Taupan\Desktop\ts-express\node_modules\ts-node\src\index.ts:1433:41)
    at Module.m._compile (C:\Users\Taupan\Desktop\ts-express\node_modules\ts-node\src\index.ts:1617:30)
    at Module._extensions..js (node:internal/modules/cjs/loader:1435:10)
    at Object.require.extensions.<computed> [as .ts] (C:\Users\Taupan\Desktop\ts-express\node_modules\ts-node\src\index.ts:1621:12)
    at Module.load (node:internal/modules/cjs/loader:1207:32)
    at Function.Module._load (node:internal/modules/cjs/loader:1023:12)
    at Module.require (node:internal/modules/cjs/loader:1235:19)
